Arguments: 
  /usr/bin/node /usr/share/yarn/bin/yarn.js add @googlemaps/js-markerclustererplus

PATH: 
  /usr/local/sbin:/usr/local/bin:/usr/sbin:/usr/bin:/sbin:/bin:/usr/games:/usr/local/games:/snap/bin

Yarn version: 
  1.22.5

Node version: 
  14.17.0

Platform: 
  linux x64

Trace: 
  Error: https://registry.yarnpkg.com/@googlemaps%2fjs-markerclustererplus: Not found
      at Request.params.callback [as _callback] (/usr/share/yarn/lib/cli.js:66988:18)
      at Request.self.callback (/usr/share/yarn/lib/cli.js:140749:22)
      at Request.emit (events.js:376:20)
      at Request.<anonymous> (/usr/share/yarn/lib/cli.js:141721:10)
      at Request.emit (events.js:376:20)
      at IncomingMessage.<anonymous> (/usr/share/yarn/lib/cli.js:141643:12)
      at Object.onceWrapper (events.js:482:28)
      at IncomingMessage.emit (events.js:388:22)
      at endReadableNT (internal/streams/readable.js:1336:12)
      at processTicksAndRejections (internal/process/task_queues.js:82:21)

npm manifest: 
  {
    "name": "typescript",
    "version": "1.0.0",
    "description": "",
    "main": "index.js",
    "scripts": {
      "test": "echo \"Error: no test specified\" && exit 1",
      "start:build": "tsc -W",
      "start:run": "nodemon build/index.js",
      "start": "concurrently npm:start:*"
    },
    "repository": {
      "type": "git",
      "url": "git+https://github.com/Vtquan123/typescript.git"
    },
    "keywords": [],
    "author": "",
    "license": "ISC",
    "bugs": {
      "url": "https://github.com/Vtquan123/typescript/issues"
    },
    "homepage": "https://github.com/Vtquan123/typescript#readme",
    "dependencies": {
      "@types/faker": "^5.5.6",
      "@types/googlemaps": "^3.43.3",
      "@types/node": "^15.12.2",
      "axios": "^0.21.1",
      "concurrently": "^6.2.0",
      "faker": "^5.5.3",
      "nodemon": "^2.0.7",
      "ts-node": "^10.0.0",
      "tslib": "^2.3.0"
    },
    "devDependencies": {
      "typescript": "^4.3.4"
    }
  }

yarn manifest: 
  No manifest

Lockfile: 
  # THIS IS AN AUTOGENERATED FILE. DO NOT EDIT THIS FILE DIRECTLY.
  # yarn lockfile v1
  
  
  "@babel/code-frame@^7.0.0":
    "integrity" "sha512-9pzDqyc6OLDaqe+zbACgFkb6fKMNG6CObKpnYXChRsvYGyEdc7CA2BaqeOM+vOtCS5ndmJicPJhKAwYRI6UfFw=="
    "resolved" "https://registry.npmjs.org/@babel/code-frame/-/code-frame-7.14.5.tgz"
    "version" "7.14.5"
    dependencies:
      "@babel/highlight" "^7.14.5"
  
  "@babel/helper-validator-identifier@^7.14.5":
    "integrity" "sha512-5lsetuxCLilmVGyiLEfoHBRX8UCFD+1m2x3Rj97WrW3V7H3u4RWRXA4evMjImCsin2J2YT0QaVDGf+z8ondbAg=="
    "resolved" "https://registry.npmjs.org/@babel/helper-validator-identifier/-/helper-validator-identifier-7.14.5.tgz"
    "version" "7.14.5"
  
  "@babel/highlight@^7.14.5":
    "integrity" "sha512-qf9u2WFWVV0MppaL877j2dBtQIDgmidgjGk5VIMw3OadXvYaXn66U1BFlH2t4+t3i+8PhedppRv+i40ABzd+gg=="
    "resolved" "https://registry.npmjs.org/@babel/highlight/-/highlight-7.14.5.tgz"
    "version" "7.14.5"
    dependencies:
      "@babel/helper-validator-identifier" "^7.14.5"
      "chalk" "^2.0.0"
      "js-tokens" "^4.0.0"
  
  "@sindresorhus/is@^0.14.0":
    "integrity" "sha512-9NET910DNaIPngYnLLPeg+Ogzqsi9uM4mSboU5y6p8S5DzMTVEsJZrawi+BoDNUVBa2DhJqQYUFvMDfgU062LQ=="
    "resolved" "https://registry.npmjs.org/@sindresorhus/is/-/is-0.14.0.tgz"
    "version" "0.14.0"
  
  "@szmarczak/http-timer@^1.1.2":
    "integrity" "sha512-XIB2XbzHTN6ieIjfIMV9hlVcfPU26s2vafYWQcZHWXHOxiaRZYEDKEwdl129Zyg50+foYV2jCgtrqSA6qNuNSA=="
    "resolved" "https://registry.npmjs.org/@szmarczak/http-timer/-/http-timer-1.1.2.tgz"
    "version" "1.1.2"
    dependencies:
      "defer-to-connect" "^1.0.1"
  
  "@tsconfig/node10@^1.0.7":
    "integrity" "sha512-6XFfSQmMgq0CFLY1MslA/CPUfhIL919M1rMsa5lP2P097N2Wd1sSX0tx1u4olM16fLNhtHZpRhedZJphNJqmZg=="
    "resolved" "https://registry.npmjs.org/@tsconfig/node10/-/node10-1.0.8.tgz"
    "version" "1.0.8"
  
  "@tsconfig/node12@^1.0.7":
    "integrity" "sha512-LM6XwBhjZRls1qJGpiM/It09SntEwe9M0riXRfQ9s6XlJQG0JPGl92ET18LtGeYh/GuOtafIXqwZeqLOd0FNFQ=="
    "resolved" "https://registry.npmjs.org/@tsconfig/node12/-/node12-1.0.8.tgz"
    "version" "1.0.8"
  
  "@tsconfig/node14@^1.0.0":
    "integrity" "sha512-509r2+yARFfHHE7T6Puu2jjkoycftovhXRqW328PDXTVGKihlb1P8Z9mMZH04ebyajfRY7dedfGynlrFHJUQCg=="
    "resolved" "https://registry.npmjs.org/@tsconfig/node14/-/node14-1.0.1.tgz"
    "version" "1.0.1"
  
  "@tsconfig/node16@^1.0.1":
    "integrity" "sha512-FTgBI767POY/lKNDNbIzgAX6miIDBs6NTCbdlDb8TrWovHsSvaVIZDlTqym29C6UqhzwcJx4CYr+AlrMywA0cA=="
    "resolved" "https://registry.npmjs.org/@tsconfig/node16/-/node16-1.0.1.tgz"
    "version" "1.0.1"
  
  "@types/faker@^5.5.6":
    "integrity" "sha512-UCRj0kLg4sXs2XFVm48OU/wIjyJZkpRkwxhRGVQb5l5GmemkeW22WTz9iiDhYPBUqTzDsIWzhFRuF/4DD5+q2Q=="
    "resolved" "https://registry.npmjs.org/@types/faker/-/faker-5.5.6.tgz"
    "version" "5.5.6"
  
  "@types/googlemaps@^3.43.3":
    "integrity" "sha512-ZWNoz/O8MPEpiajvj7QiqCY8tTLFNqNZ/a+s+zTV58wFVNAvvqV4bdGfnsjTb5Cs4V6wEsLrX8XRhmnyYJ2Tdg=="
    "resolved" "https://registry.npmjs.org/@types/googlemaps/-/googlemaps-3.43.3.tgz"
    "version" "3.43.3"
  
  "@types/node@^15.12.2":
    "integrity" "sha512-zjQ69G564OCIWIOHSXyQEEDpdpGl+G348RAKY0XXy9Z5kU9Vzv1GMNnkar/ZJ8dzXB3COzD9Mo9NtRZ4xfgUww=="
    "resolved" "https://registry.npmjs.org/@types/node/-/node-15.12.2.tgz"
    "version" "15.12.2"
  
  "@types/normalize-package-data@^2.4.0":
    "integrity" "sha512-f5j5b/Gf71L+dbqxIpQ4Z2WlmI/mPJ0fOkGGmFgtb6sAu97EPczzbS3/tJKxmcYDj55OX6ssqwDAWOHIYDRDGA=="
    "resolved" "https://registry.npmjs.org/@types/normalize-package-data/-/normalize-package-data-2.4.0.tgz"
    "version" "2.4.0"
  
  "abbrev@1":
    "integrity" "sha512-nne9/IiQ/hzIhY6pdDnbBtz7DjPTKrY00P/zvPSm5pOFkl6xuGrGnXn/VtTNNfNtAfZ9/1RtehkszU9qcTii0Q=="
    "resolved" "https://registry.npmjs.org/abbrev/-/abbrev-1.1.1.tgz"
    "version" "1.1.1"
  
  "ansi-align@^3.0.0":
    "integrity" "sha512-ZpClVKqXN3RGBmKibdfWzqCY4lnjEuoNzU5T0oEFpfd/z5qJHVarukridD4juLO2FXMiwUQxr9WqQtaYa8XRYw=="
    "resolved" "https://registry.npmjs.org/ansi-align/-/ansi-align-3.0.0.tgz"
    "version" "3.0.0"
    dependencies:
      "string-width" "^3.0.0"
  
  "ansi-regex@^4.1.0":
    "integrity" "sha512-1apePfXM1UOSqw0o9IiFAovVz9M5S1Dg+4TrDwfMewQ6p/rmMueb7tWZjQ1rx4Loy1ArBggoqGpfqqdI4rondg=="
    "resolved" "https://registry.npmjs.org/ansi-regex/-/ansi-regex-4.1.0.tgz"
    "version" "4.1.0"
  
  "ansi-regex@^5.0.0":
    "integrity" "sha512-bY6fj56OUQ0hU1KjFNDQuJFezqKdrAyFdIevADiqrWHwSlbmBNMHp5ak2f40Pm8JTFyM2mqxkG6ngkHO11f/lg=="
    "resolved" "https://registry.npmjs.org/ansi-regex/-/ansi-regex-5.0.0.tgz"
    "version" "5.0.0"
  
  "ansi-styles@^3.2.1":
    "integrity" "sha512-VT0ZI6kZRdTh8YyJw3SMbYm/u+NqfsAxEpWO0Pf9sq8/e94WxxOpPKx9FR1FlyCtOVDNOQ+8ntlqFxiRc+r5qA=="
    "resolved" "https://registry.npmjs.org/ansi-styles/-/ansi-styles-3.2.1.tgz"
    "version" "3.2.1"
    dependencies:
      "color-convert" "^1.9.0"
  
  "ansi-styles@^4.0.0", "ansi-styles@^4.1.0":
    "integrity" "sha512-zbB9rCJAT1rbjiVDb2hqKFHNYLxgtk8NURxZ3IZwD3F6NtxbXZQCnnSi1Lkx+IDohdPlFp222wVALIheZJQSEg=="
    "resolved" "https://registry.npmjs.org/ansi-styles/-/ansi-styles-4.3.0.tgz"
    "version" "4.3.0"
    dependencies:
      "color-convert" "^2.0.1"
  
  "anymatch@~3.1.2":
    "integrity" "sha512-P43ePfOAIupkguHUycrc4qJ9kz8ZiuOUijaETwX7THt0Y/GNK7v0aa8rY816xWjZ7rJdA5XdMcpVFTKMq+RvWg=="
    "resolved" "https://registry.npmjs.org/anymatch/-/anymatch-3.1.2.tgz"
    "version" "3.1.2"
    dependencies:
      "normalize-path" "^3.0.0"
      "picomatch" "^2.0.4"
  
  "arg@^4.1.0":
    "integrity" "sha512-58S9QDqG0Xx27YwPSt9fJxivjYl432YCwfDMfZ+71RAqUrZef7LrKQZ3LHLOwCS4FLNBplP533Zx895SeOCHvA=="
    "resolved" "https://registry.npmjs.org/arg/-/arg-4.1.3.tgz"
    "version" "4.1.3"
  
  "axios@^0.21.1":
    "integrity" "sha512-dKQiRHxGD9PPRIUNIWvZhPTPpl1rf/OxTYKsqKUDjBwYylTvV7SjSHJb9ratfyzM6wCdLCOYLzs73qpg5c4iGA=="
    "resolved" "https://registry.npmjs.org/axios/-/axios-0.21.1.tgz"
    "version" "0.21.1"
    dependencies:
      "follow-redirects" "^1.10.0"
  
  "balanced-match@^1.0.0":
    "integrity" "sha512-3oSeUO0TMV67hN1AmbXsK4yaqU7tjiHlbxRDZOpH0KW9+CeX4bRAaX0Anxt0tx2MrpRpWwQaPwIlISEJhYU5Pw=="
    "resolved" "https://registry.npmjs.org/balanced-match/-/balanced-match-1.0.2.tgz"
    "version" "1.0.2"
  
  "binary-extensions@^2.0.0":
    "integrity" "sha512-jDctJ/IVQbZoJykoeHbhXpOlNBqGNcwXJKJog42E5HDPUwQTSdjCHdihjj0DlnheQ7blbT6dHOafNAiS8ooQKA=="
    "resolved" "https://registry.npmjs.org/binary-extensions/-/binary-extensions-2.2.0.tgz"
    "version" "2.2.0"
  
  "boxen@^4.2.0":
    "integrity" "sha512-eB4uT9RGzg2odpER62bBwSLvUeGC+WbRjjyyFhGsKnc8wp/m0+hQsMUvUe3H2V0D5vw0nBdO1hCJoZo5mKeuIQ=="
    "resolved" "https://registry.npmjs.org/boxen/-/boxen-4.2.0.tgz"
    "version" "4.2.0"
    dependencies:
      "ansi-align" "^3.0.0"
      "camelcase" "^5.3.1"
      "chalk" "^3.0.0"
      "cli-boxes" "^2.2.0"
      "string-width" "^4.1.0"
      "term-size" "^2.1.0"
      "type-fest" "^0.8.1"
      "widest-line" "^3.1.0"
  
  "brace-expansion@^1.1.7":
    "integrity" "sha512-iCuPHDFgrHX7H2vEI/5xpz07zSHB00TpugqhmYtVmMO6518mCuRMoOYFldEBl0g187ufozdaHgWKcYFb61qGiA=="
    "resolved" "https://registry.npmjs.org/brace-expansion/-/brace-expansion-1.1.11.tgz"
    "version" "1.1.11"
    dependencies:
      "balanced-match" "^1.0.0"
      "concat-map" "0.0.1"
  
  "braces@~3.0.2":
    "integrity" "sha512-b8um+L1RzM3WDSzvhm6gIz1yfTbBt6YTlcEKAvsmqCZZFw46z626lVj9j1yEPW33H5H+lBQpZMP1k8l+78Ha0A=="
    "resolved" "https://registry.npmjs.org/braces/-/braces-3.0.2.tgz"
    "version" "3.0.2"
    dependencies:
      "fill-range" "^7.0.1"
  
  "buffer-from@^1.0.0":
    "integrity" "sha512-MQcXEUbCKtEo7bhqEs6560Hyd4XaovZlO/k9V3hjVUF/zwW7KBVdSK4gIt/bzwS9MbR5qob+F5jusZsb0YQK2A=="
    "resolved" "https://registry.npmjs.org/buffer-from/-/buffer-from-1.1.1.tgz"
    "version" "1.1.1"
  
  "cacheable-request@^6.0.0":
    "integrity" "sha512-Oj3cAGPCqOZX7Rz64Uny2GYAZNliQSqfbePrgAQ1wKAihYmCUnraBtJtKcGR4xz7wF+LoJC+ssFZvv5BgF9Igg=="
    "resolved" "https://registry.npmjs.org/cacheable-request/-/cacheable-request-6.1.0.tgz"
    "version" "6.1.0"
    dependencies:
      "clone-response" "^1.0.2"
      "get-stream" "^5.1.0"
      "http-cache-semantics" "^4.0.0"
      "keyv" "^3.0.0"
      "lowercase-keys" "^2.0.0"
      "normalize-url" "^4.1.0"
      "responselike" "^1.0.2"
  
  "camelcase@^5.3.1":
    "integrity" "sha512-L28STB170nwWS63UjtlEOE3dldQApaJXZkOI1uMFfzf3rRuPegHaHesyee+YxQ+W6SvRDQV6UrdOdRiR153wJg=="
    "resolved" "https://registry.npmjs.org/camelcase/-/camelcase-5.3.1.tgz"
    "version" "5.3.1"
  
  "chalk@^2.0.0":
    "integrity" "sha512-Mti+f9lpJNcwF4tWV8/OrTTtF1gZi+f8FqlyAdouralcFWFQWF2+NgCHShjkCb+IFBLq9buZwE1xckQU4peSuQ=="
    "resolved" "https://registry.npmjs.org/chalk/-/chalk-2.4.2.tgz"
    "version" "2.4.2"
    dependencies:
      "ansi-styles" "^3.2.1"
      "escape-string-regexp" "^1.0.5"
      "supports-color" "^5.3.0"
  
  "chalk@^3.0.0":
    "integrity" "sha512-4D3B6Wf41KOYRFdszmDqMCGq5VV/uMAB273JILmO+3jAlh8X4qDtdtgCR3fxtbLEMzSx22QdhnDcJvu2u1fVwg=="
    "resolved" "https://registry.npmjs.org/chalk/-/chalk-3.0.0.tgz"
    "version" "3.0.0"
    dependencies:
      "ansi-styles" "^4.1.0"
      "supports-color" "^7.1.0"
  
  "chalk@^4.1.0":
    "integrity" "sha512-diHzdDKxcU+bAsUboHLPEDQiw0qEe0qd7SYUn3HgcFlWgbDcfLGswOHYeGrHKzG9z6UYf01d9VFMfZxPM1xZSg=="
    "resolved" "https://registry.npmjs.org/chalk/-/chalk-4.1.1.tgz"
    "version" "4.1.1"
    dependencies:
      "ansi-styles" "^4.1.0"
      "supports-color" "^7.1.0"
  
  "chokidar@^3.2.2":
    "integrity" "sha512-ekGhOnNVPgT77r4K/U3GDhu+FQ2S8TnK/s2KbIGXi0SZWuwkZ2QNyfWdZW+TVfn84DpEP7rLeCt2UI6bJ8GwbQ=="
    "resolved" "https://registry.npmjs.org/chokidar/-/chokidar-3.5.2.tgz"
    "version" "3.5.2"
    dependencies:
      "anymatch" "~3.1.2"
      "braces" "~3.0.2"
      "glob-parent" "~5.1.2"
      "is-binary-path" "~2.1.0"
      "is-glob" "~4.0.1"
      "normalize-path" "~3.0.0"
      "readdirp" "~3.6.0"
    optionalDependencies:
      "fsevents" "~2.3.2"
  
  "ci-info@^2.0.0":
    "integrity" "sha512-5tK7EtrZ0N+OLFMthtqOj4fI2Jeb88C4CAZPu25LDVUgXJ0A3Js4PMGqrn0JU1W0Mh1/Z8wZzYPxqUrXeBboCQ=="
    "resolved" "https://registry.npmjs.org/ci-info/-/ci-info-2.0.0.tgz"
    "version" "2.0.0"
  
  "cli-boxes@^2.2.0":
    "integrity" "sha512-y4coMcylgSCdVinjiDBuR8PCC2bLjyGTwEmPb9NHR/QaNU6EUOXcTY/s6VjGMD6ENSEaeQYHCY0GNGS5jfMwPw=="
    "resolved" "https://registry.npmjs.org/cli-boxes/-/cli-boxes-2.2.1.tgz"
    "version" "2.2.1"
  
  "cliui@^7.0.2":
    "integrity" "sha512-OcRE68cOsVMXp1Yvonl/fzkQOyjLSu/8bhPDfQt0e0/Eb283TKP20Fs2MqoPsr9SwA595rRCA+QMzYc9nBP+JQ=="
    "resolved" "https://registry.npmjs.org/cliui/-/cliui-7.0.4.tgz"
    "version" "7.0.4"
    dependencies:
      "string-width" "^4.2.0"
      "strip-ansi" "^6.0.0"
      "wrap-ansi" "^7.0.0"
  
  "clone-response@^1.0.2":
    "integrity" "sha1-0dyXOSAxTfZ/vrlCI7TuNQI56Ws="
    "resolved" "https://registry.npmjs.org/clone-response/-/clone-response-1.0.2.tgz"
    "version" "1.0.2"
    dependencies:
      "mimic-response" "^1.0.0"
  
  "color-convert@^1.9.0":
    "integrity" "sha512-QfAUtd+vFdAtFQcC8CCyYt1fYWxSqAiK2cSD6zDB8N3cpsEBAvRxp9zOGg6G/SHHJYAT88/az/IuDGALsNVbGg=="
    "resolved" "https://registry.npmjs.org/color-convert/-/color-convert-1.9.3.tgz"
    "version" "1.9.3"
    dependencies:
      "color-name" "1.1.3"
  
  "color-convert@^2.0.1":
    "integrity" "sha512-RRECPsj7iu/xb5oKYcsFHSppFNnsj/52OVTRKb4zP5onXwVF3zVmmToNcOfGC+CRDpfK/U584fMg38ZHCaElKQ=="
    "resolved" "https://registry.npmjs.org/color-convert/-/color-convert-2.0.1.tgz"
    "version" "2.0.1"
    dependencies:
      "color-name" "~1.1.4"
  
  "color-name@~1.1.4":
    "integrity" "sha512-dOy+3AuW3a2wNbZHIuMZpTcgjGuLU/uBL/ubcZF9OXbDo8ff4O8yVp5Bf0efS8uEoYo5q4Fx7dY9OgQGXgAsQA=="
    "resolved" "https://registry.npmjs.org/color-name/-/color-name-1.1.4.tgz"
    "version" "1.1.4"
  
  "color-name@1.1.3":
    "integrity" "sha1-p9BVi9icQveV3UIyj3QIMcpTvCU="
    "resolved" "https://registry.npmjs.org/color-name/-/color-name-1.1.3.tgz"
    "version" "1.1.3"
  
  "concat-map@0.0.1":
    "integrity" "sha1-2Klr13/Wjfd5OnMDajug1UBdR3s="
    "resolved" "https://registry.npmjs.org/concat-map/-/concat-map-0.0.1.tgz"
    "version" "0.0.1"
  
  "concurrently@^6.2.0":
    "integrity" "sha512-v9I4Y3wFoXCSY2L73yYgwA9ESrQMpRn80jMcqMgHx720Hecz2GZAvTI6bREVST6lkddNypDKRN22qhK0X8Y00g=="
    "resolved" "https://registry.npmjs.org/concurrently/-/concurrently-6.2.0.tgz"
    "version" "6.2.0"
    dependencies:
      "chalk" "^4.1.0"
      "date-fns" "^2.16.1"
      "lodash" "^4.17.21"
      "read-pkg" "^5.2.0"
      "rxjs" "^6.6.3"
      "spawn-command" "^0.0.2-1"
      "supports-color" "^8.1.0"
      "tree-kill" "^1.2.2"
      "yargs" "^16.2.0"
  
  "configstore@^5.0.1":
    "integrity" "sha512-aMKprgk5YhBNyH25hj8wGt2+D52Sw1DRRIzqBwLp2Ya9mFmY8KPvvtvmna8SxVR9JMZ4kzMD68N22vlaRpkeFA=="
    "resolved" "https://registry.npmjs.org/configstore/-/configstore-5.0.1.tgz"
    "version" "5.0.1"
    dependencies:
      "dot-prop" "^5.2.0"
      "graceful-fs" "^4.1.2"
      "make-dir" "^3.0.0"
      "unique-string" "^2.0.0"
      "write-file-atomic" "^3.0.0"
      "xdg-basedir" "^4.0.0"
  
  "create-require@^1.1.0":
    "integrity" "sha512-dcKFX3jn0MpIaXjisoRvexIJVEKzaq7z2rZKxf+MSr9TkdmHmsU4m2lcLojrj/FHl8mk5VxMmYA+ftRkP/3oKQ=="
    "resolved" "https://registry.npmjs.org/create-require/-/create-require-1.1.1.tgz"
    "version" "1.1.1"
  
  "crypto-random-string@^2.0.0":
    "integrity" "sha512-v1plID3y9r/lPhviJ1wrXpLeyUIGAZ2SHNYTEapm7/8A9nLPoyvVp3RK/EPFqn5kEznyWgYZNsRtYYIWbuG8KA=="
    "resolved" "https://registry.npmjs.org/crypto-random-string/-/crypto-random-string-2.0.0.tgz"
    "version" "2.0.0"
  
  "date-fns@^2.16.1":
    "integrity" "sha512-yUFPQjrxEmIsMqlHhAhmxkuH769baF21Kk+nZwZGyrMoyLA+LugaQtC0+Tqf9CBUUULWwUJt6Q5ySI3LJDDCGg=="
    "resolved" "https://registry.npmjs.org/date-fns/-/date-fns-2.22.1.tgz"
    "version" "2.22.1"
  
  "debug@^2.2.0":
    "integrity" "sha512-bC7ElrdJaJnPbAP+1EotYvqZsb3ecl5wi6Bfi6BJTUcNowp6cvspg0jXznRTKDjm/E7AdgFBVeAPVMNcKGsHMA=="
    "resolved" "https://registry.npmjs.org/debug/-/debug-2.6.9.tgz"
    "version" "2.6.9"
    dependencies:
      "ms" "2.0.0"
  
  "debug@^3.2.6":
    "integrity" "sha512-CFjzYYAi4ThfiQvizrFQevTTXHtnCqWfe7x1AhgEscTz6ZbLbfoLRLPugTQyBth6f8ZERVUSyWHFD/7Wu4t1XQ=="
    "resolved" "https://registry.npmjs.org/debug/-/debug-3.2.7.tgz"
    "version" "3.2.7"
    dependencies:
      "ms" "^2.1.1"
  
  "decompress-response@^3.3.0":
    "integrity" "sha1-gKTdMjdIOEv6JICDYirt7Jgq3/M="
    "resolved" "https://registry.npmjs.org/decompress-response/-/decompress-response-3.3.0.tgz"
    "version" "3.3.0"
    dependencies:
      "mimic-response" "^1.0.0"
  
  "deep-extend@^0.6.0":
    "integrity" "sha512-LOHxIOaPYdHlJRtCQfDIVZtfw/ufM8+rVj649RIHzcm/vGwQRXFt6OPqIFWsm2XEMrNIEtWR64sY1LEKD2vAOA=="
    "resolved" "https://registry.npmjs.org/deep-extend/-/deep-extend-0.6.0.tgz"
    "version" "0.6.0"
  
  "defer-to-connect@^1.0.1":
    "integrity" "sha512-0ISdNousHvZT2EiFlZeZAHBUvSxmKswVCEf8hW7KWgG4a8MVEu/3Vb6uWYozkjylyCxe0JBIiRB1jV45S70WVQ=="
    "resolved" "https://registry.npmjs.org/defer-to-connect/-/defer-to-connect-1.1.3.tgz"
    "version" "1.1.3"
  
  "diff@^4.0.1":
    "integrity" "sha512-58lmxKSA4BNyLz+HHMUzlOEpg09FV+ev6ZMe3vJihgdxzgcwZ8VoEEPmALCZG9LmqfVoNMMKpttIYTVG6uDY7A=="
    "resolved" "https://registry.npmjs.org/diff/-/diff-4.0.2.tgz"
    "version" "4.0.2"
  
  "dot-prop@^5.2.0":
    "integrity" "sha512-QM8q3zDe58hqUqjraQOmzZ1LIH9SWQJTlEKCH4kJ2oQvLZk7RbQXvtDM2XEq3fwkV9CCvvH4LA0AV+ogFsBM2Q=="
    "resolved" "https://registry.npmjs.org/dot-prop/-/dot-prop-5.3.0.tgz"
    "version" "5.3.0"
    dependencies:
      "is-obj" "^2.0.0"
  
  "duplexer3@^0.1.4":
    "integrity" "sha1-7gHdHKwO08vH/b6jfcCo8c4ALOI="
    "resolved" "https://registry.npmjs.org/duplexer3/-/duplexer3-0.1.4.tgz"
    "version" "0.1.4"
  
  "emoji-regex@^7.0.1":
    "integrity" "sha512-CwBLREIQ7LvYFB0WyRvwhq5N5qPhc6PMjD6bYggFlI5YyDgl+0vxq5VHbMOFqLg7hfWzmu8T5Z1QofhmTIhItA=="
    "resolved" "https://registry.npmjs.org/emoji-regex/-/emoji-regex-7.0.3.tgz"
    "version" "7.0.3"
  
  "emoji-regex@^8.0.0":
    "integrity" "sha512-MSjYzcWNOA0ewAHpz0MxpYFvwg6yjy1NG3xteoqz644VCo/RPgnr1/GGt+ic3iJTzQ8Eu3TdM14SawnVUmGE6A=="
    "resolved" "https://registry.npmjs.org/emoji-regex/-/emoji-regex-8.0.0.tgz"
    "version" "8.0.0"
  
  "end-of-stream@^1.1.0":
    "integrity" "sha512-+uw1inIHVPQoaVuHzRyXd21icM+cnt4CzD5rW+NC1wjOUSTOs+Te7FOv7AhN7vS9x/oIyhLP5PR1H+phQAHu5Q=="
    "resolved" "https://registry.npmjs.org/end-of-stream/-/end-of-stream-1.4.4.tgz"
    "version" "1.4.4"
    dependencies:
      "once" "^1.4.0"
  
  "error-ex@^1.3.1":
    "integrity" "sha512-7dFHNmqeFSEt2ZBsCriorKnn3Z2pj+fd9kmI6QoWw4//DL+icEBfc0U7qJCisqrTsKTjw4fNFy2pW9OqStD84g=="
    "resolved" "https://registry.npmjs.org/error-ex/-/error-ex-1.3.2.tgz"
    "version" "1.3.2"
    dependencies:
      "is-arrayish" "^0.2.1"
  
  "escalade@^3.1.1":
    "integrity" "sha512-k0er2gUkLf8O0zKJiAhmkTnJlTvINGv7ygDNPbeIsX/TJjGJZHuh9B2UxbsaEkmlEo9MfhrSzmhIlhRlI2GXnw=="
    "resolved" "https://registry.npmjs.org/escalade/-/escalade-3.1.1.tgz"
    "version" "3.1.1"
  
  "escape-goat@^2.0.0":
    "integrity" "sha512-8/uIhbG12Csjy2JEW7D9pHbreaVaS/OpN3ycnyvElTdwM5n6GY6W6e2IPemfvGZeUMqZ9A/3GqIZMgKnBhAw/Q=="
    "resolved" "https://registry.npmjs.org/escape-goat/-/escape-goat-2.1.1.tgz"
    "version" "2.1.1"
  
  "escape-string-regexp@^1.0.5":
    "integrity" "sha1-G2HAViGQqN/2rjuyzwIAyhMLhtQ="
    "resolved" "https://registry.npmjs.org/escape-string-regexp/-/escape-string-regexp-1.0.5.tgz"
    "version" "1.0.5"
  
  "faker@^5.5.3":
    "integrity" "sha512-wLTv2a28wjUyWkbnX7u/ABZBkUkIF2fCd73V6P2oFqEGEktDfzWx4UxrSqtPRw0xPRAcjeAOIiJWqZm3pP4u3g=="
    "resolved" "https://registry.npmjs.org/faker/-/faker-5.5.3.tgz"
    "version" "5.5.3"
  
  "fill-range@^7.0.1":
    "integrity" "sha512-qOo9F+dMUmC2Lcb4BbVvnKJxTPjCm+RRpe4gDuGrzkL7mEVl/djYSu2OdQ2Pa302N4oqkSg9ir6jaLWJ2USVpQ=="
    "resolved" "https://registry.npmjs.org/fill-range/-/fill-range-7.0.1.tgz"
    "version" "7.0.1"
    dependencies:
      "to-regex-range" "^5.0.1"
  
  "follow-redirects@^1.10.0":
    "integrity" "sha512-HWqDgT7ZEkqRzBvc2s64vSZ/hfOceEol3ac/7tKwzuvEyWx3/4UegXh5oBOIotkGsObyk3xznnSRVADBgWSQVg=="
    "resolved" "https://registry.npmjs.org/follow-redirects/-/follow-redirects-1.14.1.tgz"
    "version" "1.14.1"
  
  "fsevents@~2.3.2":
    "integrity" "sha512-xiqMQR4xAeHTuB9uWm+fFRcIOgKBMiOBP+eXiyT7jsgVCq1bkVygt00oASowB7EdtpOHaaPgKt812P9ab+DDKA=="
    "resolved" "https://registry.npmjs.org/fsevents/-/fsevents-2.3.2.tgz"
    "version" "2.3.2"
  
  "function-bind@^1.1.1":
    "integrity" "sha512-yIovAzMX49sF8Yl58fSCWJ5svSLuaibPxXQJFLmBObTuCr0Mf1KiPopGM9NiFjiYBCbfaa2Fh6breQ6ANVTI0A=="
    "resolved" "https://registry.npmjs.org/function-bind/-/function-bind-1.1.1.tgz"
    "version" "1.1.1"
  
  "get-caller-file@^2.0.5":
    "integrity" "sha512-DyFP3BM/3YHTQOCUL/w0OZHR0lpKeGrxotcHWcqNEdnltqFwXVfhEBQ94eIo34AfQpo0rGki4cyIiftY06h2Fg=="
    "resolved" "https://registry.npmjs.org/get-caller-file/-/get-caller-file-2.0.5.tgz"
    "version" "2.0.5"
  
  "get-stream@^4.1.0":
    "integrity" "sha512-GMat4EJ5161kIy2HevLlr4luNjBgvmj413KaQA7jt4V8B4RDsfpHk7WQ9GVqfYyyx8OS/L66Kox+rJRNklLK7w=="
    "resolved" "https://registry.npmjs.org/get-stream/-/get-stream-4.1.0.tgz"
    "version" "4.1.0"
    dependencies:
      "pump" "^3.0.0"
  
  "get-stream@^5.1.0":
    "integrity" "sha512-nBF+F1rAZVCu/p7rjzgA+Yb4lfYXrpl7a6VmJrU8wF9I1CKvP/QwPNZHnOlwbTkY6dvtFIzFMSyQXbLoTQPRpA=="
    "resolved" "https://registry.npmjs.org/get-stream/-/get-stream-5.2.0.tgz"
    "version" "5.2.0"
    dependencies:
      "pump" "^3.0.0"
  
  "glob-parent@~5.1.2":
    "integrity" "sha512-AOIgSQCepiJYwP3ARnGx+5VnTu2HBYdzbGP45eLw1vr3zB3vZLeyed1sC9hnbcOc9/SrMyM5RPQrkGz4aS9Zow=="
    "resolved" "https://registry.npmjs.org/glob-parent/-/glob-parent-5.1.2.tgz"
    "version" "5.1.2"
    dependencies:
      "is-glob" "^4.0.1"
  
  "global-dirs@^2.0.1":
    "integrity" "sha512-MG6kdOUh/xBnyo9cJFeIKkLEc1AyFq42QTU4XiX51i2NEdxLxLWXIjEjmqKeSuKR7pAZjTqUVoT2b2huxVLgYQ=="
    "resolved" "https://registry.npmjs.org/global-dirs/-/global-dirs-2.1.0.tgz"
    "version" "2.1.0"
    dependencies:
      "ini" "1.3.7"
  
  "got@^9.6.0":
    "integrity" "sha512-R7eWptXuGYxwijs0eV+v3o6+XH1IqVK8dJOEecQfTmkncw9AV4dcw/Dhxi8MdlqPthxxpZyizMzyg8RTmEsG+Q=="
    "resolved" "https://registry.npmjs.org/got/-/got-9.6.0.tgz"
    "version" "9.6.0"
    dependencies:
      "@sindresorhus/is" "^0.14.0"
      "@szmarczak/http-timer" "^1.1.2"
      "cacheable-request" "^6.0.0"
      "decompress-response" "^3.3.0"
      "duplexer3" "^0.1.4"
      "get-stream" "^4.1.0"
      "lowercase-keys" "^1.0.1"
      "mimic-response" "^1.0.1"
      "p-cancelable" "^1.0.0"
      "to-readable-stream" "^1.0.0"
      "url-parse-lax" "^3.0.0"
  
  "graceful-fs@^4.1.2":
    "integrity" "sha512-nTnJ528pbqxYanhpDYsi4Rd8MAeaBA67+RZ10CM1m3bTAVFEDcd5AuA4a6W5YkGZ1iNXHzZz8T6TBKLeBuNriQ=="
    "resolved" "https://registry.npmjs.org/graceful-fs/-/graceful-fs-4.2.6.tgz"
    "version" "4.2.6"
  
  "has-flag@^3.0.0":
    "integrity" "sha1-tdRU3CGZriJWmfNGfloH87lVuv0="
    "resolved" "https://registry.npmjs.org/has-flag/-/has-flag-3.0.0.tgz"
    "version" "3.0.0"
  
  "has-flag@^4.0.0":
    "integrity" "sha512-EykJT/Q1KjTWctppgIAgfSO0tKVuZUjhgMr17kqTumMl6Afv3EISleU7qZUzoXDFTAHTDC4NOoG/ZxU3EvlMPQ=="
    "resolved" "https://registry.npmjs.org/has-flag/-/has-flag-4.0.0.tgz"
    "version" "4.0.0"
  
  "has-yarn@^2.1.0":
    "integrity" "sha512-UqBRqi4ju7T+TqGNdqAO0PaSVGsDGJUBQvk9eUWNGRY1CFGDzYhLWoM7JQEemnlvVcv/YEmc2wNW8BC24EnUsw=="
    "resolved" "https://registry.npmjs.org/has-yarn/-/has-yarn-2.1.0.tgz"
    "version" "2.1.0"
  
  "has@^1.0.3":
    "integrity" "sha512-f2dvO0VU6Oej7RkWJGrehjbzMAjFp5/VKPp5tTpWIV4JHHZK1/BxbFRtf/siA2SWTe09caDmVtYYzWEIbBS4zw=="
    "resolved" "https://registry.npmjs.org/has/-/has-1.0.3.tgz"
    "version" "1.0.3"
    dependencies:
      "function-bind" "^1.1.1"
  
  "hosted-git-info@^2.1.4":
    "integrity" "sha512-mxIDAb9Lsm6DoOJ7xH+5+X4y1LU/4Hi50L9C5sIswK3JzULS4bwk1FvjdBgvYR4bzT4tuUQiC15FE2f5HbLvYw=="
    "resolved" "https://registry.npmjs.org/hosted-git-info/-/hosted-git-info-2.8.9.tgz"
    "version" "2.8.9"
  
  "http-cache-semantics@^4.0.0":
    "integrity" "sha512-carPklcUh7ROWRK7Cv27RPtdhYhUsela/ue5/jKzjegVvXDqM2ILE9Q2BGn9JZJh1g87cp56su/FgQSzcWS8cQ=="
    "resolved" "https://registry.npmjs.org/http-cache-semantics/-/http-cache-semantics-4.1.0.tgz"
    "version" "4.1.0"
  
  "ignore-by-default@^1.0.1":
    "integrity" "sha1-SMptcvbGo68Aqa1K5odr44ieKwk="
    "resolved" "https://registry.npmjs.org/ignore-by-default/-/ignore-by-default-1.0.1.tgz"
    "version" "1.0.1"
  
  "import-lazy@^2.1.0":
    "integrity" "sha1-BWmOPUXIjo1+nZLLBYTnfwlvPkM="
    "resolved" "https://registry.npmjs.org/import-lazy/-/import-lazy-2.1.0.tgz"
    "version" "2.1.0"
  
  "imurmurhash@^0.1.4":
    "integrity" "sha1-khi5srkoojixPcT7a21XbyMUU+o="
    "resolved" "https://registry.npmjs.org/imurmurhash/-/imurmurhash-0.1.4.tgz"
    "version" "0.1.4"
  
  "ini@~1.3.0", "ini@1.3.7":
    "integrity" "sha512-iKpRpXP+CrP2jyrxvg1kMUpXDyRUFDWurxbnVT1vQPx+Wz9uCYsMIqYuSBLV+PAaZG/d7kRLKRFc9oDMsH+mFQ=="
    "resolved" "https://registry.npmjs.org/ini/-/ini-1.3.7.tgz"
    "version" "1.3.7"
  
  "is-arrayish@^0.2.1":
    "integrity" "sha1-d8mYQFJ6qOyxqLppe4BkWnqSap0="
    "resolved" "https://registry.npmjs.org/is-arrayish/-/is-arrayish-0.2.1.tgz"
    "version" "0.2.1"
  
  "is-binary-path@~2.1.0":
    "integrity" "sha512-ZMERYes6pDydyuGidse7OsHxtbI7WVeUEozgR/g7rd0xUimYNlvZRE/K2MgZTjWy725IfelLeVcEM97mmtRGXw=="
    "resolved" "https://registry.npmjs.org/is-binary-path/-/is-binary-path-2.1.0.tgz"
    "version" "2.1.0"
    dependencies:
      "binary-extensions" "^2.0.0"
  
  "is-ci@^2.0.0":
    "integrity" "sha512-YfJT7rkpQB0updsdHLGWrvhBJfcfzNNawYDNIyQXJz0IViGf75O8EBPKSdvw2rF+LGCsX4FZ8tcr3b19LcZq4w=="
    "resolved" "https://registry.npmjs.org/is-ci/-/is-ci-2.0.0.tgz"
    "version" "2.0.0"
    dependencies:
      "ci-info" "^2.0.0"
  
  "is-core-module@^2.2.0":
    "integrity" "sha512-6A2fkfq1rfeQZjxrZJGerpLCTHRNEBiSgnu0+obeJpEPZRUooHgsizvzv0ZjJwOz3iWIHdJtVWJ/tmPr3D21/A=="
    "resolved" "https://registry.npmjs.org/is-core-module/-/is-core-module-2.4.0.tgz"
    "version" "2.4.0"
    dependencies:
      "has" "^1.0.3"
  
  "is-extglob@^2.1.1":
    "integrity" "sha1-qIwCU1eR8C7TfHahueqXc8gz+MI="
    "resolved" "https://registry.npmjs.org/is-extglob/-/is-extglob-2.1.1.tgz"
    "version" "2.1.1"
  
  "is-fullwidth-code-point@^2.0.0":
    "integrity" "sha1-o7MKXE8ZkYMWeqq5O+764937ZU8="
    "resolved" "https://registry.npmjs.org/is-fullwidth-code-point/-/is-fullwidth-code-point-2.0.0.tgz"
    "version" "2.0.0"
  
  "is-fullwidth-code-point@^3.0.0":
    "integrity" "sha512-zymm5+u+sCsSWyD9qNaejV3DFvhCKclKdizYaJUuHA83RLjb7nSuGnddCHGv0hk+KY7BMAlsWeK4Ueg6EV6XQg=="
    "resolved" "https://registry.npmjs.org/is-fullwidth-code-point/-/is-fullwidth-code-point-3.0.0.tgz"
    "version" "3.0.0"
  
  "is-glob@^4.0.1", "is-glob@~4.0.1":
    "integrity" "sha512-5G0tKtBTFImOqDnLB2hG6Bp2qcKEFduo4tZu9MT/H6NQv/ghhy30o55ufafxJ/LdH79LLs2Kfrn85TLKyA7BUg=="
    "resolved" "https://registry.npmjs.org/is-glob/-/is-glob-4.0.1.tgz"
    "version" "4.0.1"
    dependencies:
      "is-extglob" "^2.1.1"
  
  "is-installed-globally@^0.3.1":
    "integrity" "sha512-wZ8x1js7Ia0kecP/CHM/3ABkAmujX7WPvQk6uu3Fly/Mk44pySulQpnHG46OMjHGXApINnV4QhY3SWnECO2z5g=="
    "resolved" "https://registry.npmjs.org/is-installed-globally/-/is-installed-globally-0.3.2.tgz"
    "version" "0.3.2"
    dependencies:
      "global-dirs" "^2.0.1"
      "is-path-inside" "^3.0.1"
  
  "is-npm@^4.0.0":
    "integrity" "sha512-96ECIfh9xtDDlPylNPXhzjsykHsMJZ18ASpaWzQyBr4YRTcVjUvzaHayDAES2oU/3KpljhHUjtSRNiDwi0F0ig=="
    "resolved" "https://registry.npmjs.org/is-npm/-/is-npm-4.0.0.tgz"
    "version" "4.0.0"
  
  "is-number@^7.0.0":
    "integrity" "sha512-41Cifkg6e8TylSpdtTpeLVMqvSBEVzTttHvERD741+pnZ8ANv0004MRL43QKPDlK9cGvNp6NZWZUBlbGXYxxng=="
    "resolved" "https://registry.npmjs.org/is-number/-/is-number-7.0.0.tgz"
    "version" "7.0.0"
  
  "is-obj@^2.0.0":
    "integrity" "sha512-drqDG3cbczxxEJRoOXcOjtdp1J/lyp1mNn0xaznRs8+muBhgQcrnbspox5X5fOw0HnMnbfDzvnEMEtqDEJEo8w=="
    "resolved" "https://registry.npmjs.org/is-obj/-/is-obj-2.0.0.tgz"
    "version" "2.0.0"
  
  "is-path-inside@^3.0.1":
    "integrity" "sha512-Fd4gABb+ycGAmKou8eMftCupSir5lRxqf4aD/vd0cD2qc4HL07OjCeuHMr8Ro4CoMaeCKDB0/ECBOVWjTwUvPQ=="
    "resolved" "https://registry.npmjs.org/is-path-inside/-/is-path-inside-3.0.3.tgz"
    "version" "3.0.3"
  
  "is-typedarray@^1.0.0":
    "integrity" "sha1-5HnICFjfDBsR3dppQPlgEfzaSpo="
    "resolved" "https://registry.npmjs.org/is-typedarray/-/is-typedarray-1.0.0.tgz"
    "version" "1.0.0"
  
  "is-yarn-global@^0.3.0":
    "integrity" "sha512-VjSeb/lHmkoyd8ryPVIKvOCn4D1koMqY+vqyjjUfc3xyKtP4dYOxM44sZrnqQSzSds3xyOrUTLTC9LVCVgLngw=="
    "resolved" "https://registry.npmjs.org/is-yarn-global/-/is-yarn-global-0.3.0.tgz"
    "version" "0.3.0"
  
  "js-tokens@^4.0.0":
    "integrity" "sha512-RdJUflcE3cUzKiMqQgsCu06FPu9UdIJO0beYbPhHN4k6apgJtifcoCtT9bcxOpYBtpD2kCM6Sbzg4CausW/PKQ=="
    "resolved" "https://registry.npmjs.org/js-tokens/-/js-tokens-4.0.0.tgz"
    "version" "4.0.0"
  
  "json-buffer@3.0.0":
    "integrity" "sha1-Wx85evx11ne96Lz8Dkfh+aPZqJg="
    "resolved" "https://registry.npmjs.org/json-buffer/-/json-buffer-3.0.0.tgz"
    "version" "3.0.0"
  
  "json-parse-even-better-errors@^2.3.0":
    "integrity" "sha512-xyFwyhro/JEof6Ghe2iz2NcXoj2sloNsWr/XsERDK/oiPCfaNhl5ONfp+jQdAZRQQ0IJWNzH9zIZF7li91kh2w=="
    "resolved" "https://registry.npmjs.org/json-parse-even-better-errors/-/json-parse-even-better-errors-2.3.1.tgz"
    "version" "2.3.1"
  
  "keyv@^3.0.0":
    "integrity" "sha512-9ykJ/46SN/9KPM/sichzQ7OvXyGDYKGTaDlKMGCAlg2UK8KRy4jb0d8sFc+0Tt0YYnThq8X2RZgCg74RPxgcVA=="
    "resolved" "https://registry.npmjs.org/keyv/-/keyv-3.1.0.tgz"
    "version" "3.1.0"
    dependencies:
      "json-buffer" "3.0.0"
  
  "latest-version@^5.0.0":
    "integrity" "sha512-weT+r0kTkRQdCdYCNtkMwWXQTMEswKrFBkm4ckQOMVhhqhIMI1UT2hMj+1iigIhgSZm5gTmrRXBNoGUgaTY1xA=="
    "resolved" "https://registry.npmjs.org/latest-version/-/latest-version-5.1.0.tgz"
    "version" "5.1.0"
    dependencies:
      "package-json" "^6.3.0"
  
  "lines-and-columns@^1.1.6":
    "integrity" "sha1-HADHQ7QzzQpOgHWPe2SldEDZ/wA="
    "resolved" "https://registry.npmjs.org/lines-and-columns/-/lines-and-columns-1.1.6.tgz"
    "version" "1.1.6"
  
  "lodash@^4.17.21":
    "integrity" "sha512-v2kDEe57lecTulaDIuNTPy3Ry4gLGJ6Z1O3vE1krgXZNrsQ+LFTGHVxVjcXPs17LhbZVGedAJv8XZ1tvj5FvSg=="
    "resolved" "https://registry.npmjs.org/lodash/-/lodash-4.17.21.tgz"
    "version" "4.17.21"
  
  "lowercase-keys@^1.0.0", "lowercase-keys@^1.0.1":
    "integrity" "sha512-G2Lj61tXDnVFFOi8VZds+SoQjtQC3dgokKdDG2mTm1tx4m50NUHBOZSBwQQHyy0V12A0JTG4icfZQH+xPyh8VA=="
    "resolved" "https://registry.npmjs.org/lowercase-keys/-/lowercase-keys-1.0.1.tgz"
    "version" "1.0.1"
  
  "lowercase-keys@^2.0.0":
    "integrity" "sha512-tqNXrS78oMOE73NMxK4EMLQsQowWf8jKooH9g7xPavRT706R6bkQJ6DY2Te7QukaZsulxa30wQ7bk0pm4XiHmA=="
    "resolved" "https://registry.npmjs.org/lowercase-keys/-/lowercase-keys-2.0.0.tgz"
    "version" "2.0.0"
  
  "make-dir@^3.0.0":
    "integrity" "sha512-g3FeP20LNwhALb/6Cz6Dd4F2ngze0jz7tbzrD2wAV+o9FeNHe4rL+yK2md0J/fiSf1sa1ADhXqi5+oVwOM/eGw=="
    "resolved" "https://registry.npmjs.org/make-dir/-/make-dir-3.1.0.tgz"
    "version" "3.1.0"
    dependencies:
      "semver" "^6.0.0"
  
  "make-error@^1.1.1":
    "integrity" "sha512-s8UhlNe7vPKomQhC1qFelMokr/Sc3AgNbso3n74mVPA5LTZwkB9NlXf4XPamLxJE8h0gh73rM94xvwRT2CVInw=="
    "resolved" "https://registry.npmjs.org/make-error/-/make-error-1.3.6.tgz"
    "version" "1.3.6"
  
  "mimic-response@^1.0.0", "mimic-response@^1.0.1":
    "integrity" "sha512-j5EctnkH7amfV/q5Hgmoal1g2QHFJRraOtmx0JpIqkxhBhI/lJSl1nMpQ45hVarwNETOoWEimndZ4QK0RHxuxQ=="
    "resolved" "https://registry.npmjs.org/mimic-response/-/mimic-response-1.0.1.tgz"
    "version" "1.0.1"
  
  "minimatch@^3.0.4":
    "integrity" "sha512-yJHVQEhyqPLUTgt9B83PXu6W3rx4MvvHvSUvToogpwoGDOUQ+yDrR0HRot+yOCdCO7u4hX3pWft6kWBBcqh0UA=="
    "resolved" "https://registry.npmjs.org/minimatch/-/minimatch-3.0.4.tgz"
    "version" "3.0.4"
    dependencies:
      "brace-expansion" "^1.1.7"
  
  "minimist@^1.2.0":
    "integrity" "sha512-FM9nNUYrRBAELZQT3xeZQ7fmMOBg6nWNmJKTcgsJeaLstP/UODVpGsr5OhXhhXg6f+qtJ8uiZ+PUxkDWcgIXLw=="
    "resolved" "https://registry.npmjs.org/minimist/-/minimist-1.2.5.tgz"
    "version" "1.2.5"
  
  "ms@^2.1.1":
    "integrity" "sha512-6FlzubTLZG3J2a/NVCAleEhjzq5oxgHyaCU9yYXvcLsvoVaHJq/s5xXI6/XXP6tz7R9xAOtHnSO/tXtF3WRTlA=="
    "resolved" "https://registry.npmjs.org/ms/-/ms-2.1.3.tgz"
    "version" "2.1.3"
  
  "ms@2.0.0":
    "integrity" "sha1-VgiurfwAvmwpAd9fmGF4jeDVl8g="
    "resolved" "https://registry.npmjs.org/ms/-/ms-2.0.0.tgz"
    "version" "2.0.0"
  
  "nodemon@^2.0.7":
    "integrity" "sha512-XHzK69Awgnec9UzHr1kc8EomQh4sjTQ8oRf8TsGrSmHDx9/UmiGG9E/mM3BuTfNeFwdNBvrqQq/RHL0xIeyFOA=="
    "resolved" "https://registry.npmjs.org/nodemon/-/nodemon-2.0.7.tgz"
    "version" "2.0.7"
    dependencies:
      "chokidar" "^3.2.2"
      "debug" "^3.2.6"
      "ignore-by-default" "^1.0.1"
      "minimatch" "^3.0.4"
      "pstree.remy" "^1.1.7"
      "semver" "^5.7.1"
      "supports-color" "^5.5.0"
      "touch" "^3.1.0"
      "undefsafe" "^2.0.3"
      "update-notifier" "^4.1.0"
  
  "nopt@~1.0.10":
    "integrity" "sha1-bd0hvSoxQXuScn3Vhfim83YI6+4="
    "resolved" "https://registry.npmjs.org/nopt/-/nopt-1.0.10.tgz"
    "version" "1.0.10"
    dependencies:
      "abbrev" "1"
  
  "normalize-package-data@^2.5.0":
    "integrity" "sha512-/5CMN3T0R4XTj4DcGaexo+roZSdSFW/0AOOTROrjxzCG1wrWXEsGbRKevjlIL+ZDE4sZlJr5ED4YW0yqmkK+eA=="
    "resolved" "https://registry.npmjs.org/normalize-package-data/-/normalize-package-data-2.5.0.tgz"
    "version" "2.5.0"
    dependencies:
      "hosted-git-info" "^2.1.4"
      "resolve" "^1.10.0"
      "semver" "2 || 3 || 4 || 5"
      "validate-npm-package-license" "^3.0.1"
  
  "normalize-path@^3.0.0", "normalize-path@~3.0.0":
    "integrity" "sha512-6eZs5Ls3WtCisHWp9S2GUy8dqkpGi4BVSz3GaqiE6ezub0512ESztXUwUB6C6IKbQkY2Pnb/mD4WYojCRwcwLA=="
    "resolved" "https://registry.npmjs.org/normalize-path/-/normalize-path-3.0.0.tgz"
    "version" "3.0.0"
  
  "normalize-url@^4.1.0":
    "integrity" "sha512-9UZCFRHQdNrfTpGg8+1INIg93B6zE0aXMVFkw1WFwvO4SlZywU6aLg5Of0Ap/PgcbSw4LNxvMWXMeugwMCX0AA=="
    "resolved" "https://registry.npmjs.org/normalize-url/-/normalize-url-4.5.1.tgz"
    "version" "4.5.1"
  
  "once@^1.3.1", "once@^1.4.0":
    "integrity" "sha1-WDsap3WWHUsROsF9nFC6753Xa9E="
    "resolved" "https://registry.npmjs.org/once/-/once-1.4.0.tgz"
    "version" "1.4.0"
    dependencies:
      "wrappy" "1"
  
  "p-cancelable@^1.0.0":
    "integrity" "sha512-s73XxOZ4zpt1edZYZzvhqFa6uvQc1vwUa0K0BdtIZgQMAJj9IbebH+JkgKZc9h+B05PKHLOTl4ajG1BmNrVZlw=="
    "resolved" "https://registry.npmjs.org/p-cancelable/-/p-cancelable-1.1.0.tgz"
    "version" "1.1.0"
  
  "package-json@^6.3.0":
    "integrity" "sha512-k3bdm2n25tkyxcjSKzB5x8kfVxlMdgsbPr0GkZcwHsLpba6cBjqCt1KlcChKEvxHIcTB1FVMuwoijZ26xex5MQ=="
    "resolved" "https://registry.npmjs.org/package-json/-/package-json-6.5.0.tgz"
    "version" "6.5.0"
    dependencies:
      "got" "^9.6.0"
      "registry-auth-token" "^4.0.0"
      "registry-url" "^5.0.0"
      "semver" "^6.2.0"
  
  "parse-json@^5.0.0":
    "integrity" "sha512-ayCKvm/phCGxOkYRSCM82iDwct8/EonSEgCSxWxD7ve6jHggsFl4fZVQBPRNgQoKiuV/odhFrGzQXZwbifC8Rg=="
    "resolved" "https://registry.npmjs.org/parse-json/-/parse-json-5.2.0.tgz"
    "version" "5.2.0"
    dependencies:
      "@babel/code-frame" "^7.0.0"
      "error-ex" "^1.3.1"
      "json-parse-even-better-errors" "^2.3.0"
      "lines-and-columns" "^1.1.6"
  
  "path-parse@^1.0.6":
    "integrity" "sha512-LDJzPVEEEPR+y48z93A0Ed0yXb8pAByGWo/k5YYdYgpY2/2EsOsksJrq7lOHxryrVOn1ejG6oAp8ahvOIQD8sw=="
    "resolved" "https://registry.npmjs.org/path-parse/-/path-parse-1.0.7.tgz"
    "version" "1.0.7"
  
  "picomatch@^2.0.4", "picomatch@^2.2.1":
    "integrity" "sha512-lY1Q/PiJGC2zOv/z391WOTD+Z02bCgsFfvxoXXf6h7kv9o+WmsmzYqrAwY63sNgOxE4xEdq0WyUnXfKeBrSvYw=="
    "resolved" "https://registry.npmjs.org/picomatch/-/picomatch-2.3.0.tgz"
    "version" "2.3.0"
  
  "prepend-http@^2.0.0":
    "integrity" "sha1-6SQ0v6XqjBn0HN/UAddBo8gZ2Jc="
    "resolved" "https://registry.npmjs.org/prepend-http/-/prepend-http-2.0.0.tgz"
    "version" "2.0.0"
  
  "pstree.remy@^1.1.7":
    "integrity" "sha512-77DZwxQmxKnu3aR542U+X8FypNzbfJ+C5XQDk3uWjWxn6151aIMGthWYRXTqT1E5oJvg+ljaa2OJi+VfvCOQ8w=="
    "resolved" "https://registry.npmjs.org/pstree.remy/-/pstree.remy-1.1.8.tgz"
    "version" "1.1.8"
  
  "pump@^3.0.0":
    "integrity" "sha512-LwZy+p3SFs1Pytd/jYct4wpv49HiYCqd9Rlc5ZVdk0V+8Yzv6jR5Blk3TRmPL1ft69TxP0IMZGJ+WPFU2BFhww=="
    "resolved" "https://registry.npmjs.org/pump/-/pump-3.0.0.tgz"
    "version" "3.0.0"
    dependencies:
      "end-of-stream" "^1.1.0"
      "once" "^1.3.1"
  
  "pupa@^2.0.1":
    "integrity" "sha512-l1jNAspIBSFqbT+y+5FosojNpVpF94nlI+wDUpqP9enwOTfHx9f0gh5nB96vl+6yTpsJsypeNrwfzPrKuHB41A=="
    "resolved" "https://registry.npmjs.org/pupa/-/pupa-2.1.1.tgz"
    "version" "2.1.1"
    dependencies:
      "escape-goat" "^2.0.0"
  
  "rc@^1.2.8":
    "integrity" "sha512-y3bGgqKj3QBdxLbLkomlohkvsA8gdAiUQlSBJnBhfn+BPxg4bc62d8TcBW15wavDfgexCgccckhcZvywyQYPOw=="
    "resolved" "https://registry.npmjs.org/rc/-/rc-1.2.8.tgz"
    "version" "1.2.8"
    dependencies:
      "deep-extend" "^0.6.0"
      "ini" "~1.3.0"
      "minimist" "^1.2.0"
      "strip-json-comments" "~2.0.1"
  
  "read-pkg@^5.2.0":
    "integrity" "sha512-Ug69mNOpfvKDAc2Q8DRpMjjzdtrnv9HcSMX+4VsZxD1aZ6ZzrIE7rlzXBtWTyhULSMKg076AW6WR5iZpD0JiOg=="
    "resolved" "https://registry.npmjs.org/read-pkg/-/read-pkg-5.2.0.tgz"
    "version" "5.2.0"
    dependencies:
      "@types/normalize-package-data" "^2.4.0"
      "normalize-package-data" "^2.5.0"
      "parse-json" "^5.0.0"
      "type-fest" "^0.6.0"
  
  "readdirp@~3.6.0":
    "integrity" "sha512-hOS089on8RduqdbhvQ5Z37A0ESjsqz6qnRcffsMU3495FuTdqSm+7bhJ29JvIOsBDEEnan5DPu9t3To9VRlMzA=="
    "resolved" "https://registry.npmjs.org/readdirp/-/readdirp-3.6.0.tgz"
    "version" "3.6.0"
    dependencies:
      "picomatch" "^2.2.1"
  
  "registry-auth-token@^4.0.0":
    "integrity" "sha512-6gkSb4U6aWJB4SF2ZvLb76yCBjcvufXBqvvEx1HbmKPkutswjW1xNVRY0+daljIYRbogN7O0etYSlbiaEQyMyw=="
    "resolved" "https://registry.npmjs.org/registry-auth-token/-/registry-auth-token-4.2.1.tgz"
    "version" "4.2.1"
    dependencies:
      "rc" "^1.2.8"
  
  "registry-url@^5.0.0":
    "integrity" "sha512-8acYXXTI0AkQv6RAOjE3vOaIXZkT9wo4LOFbBKYQEEnnMNBpKqdUrI6S4NT0KPIo/WVvJ5tE/X5LF/TQUf0ekw=="
    "resolved" "https://registry.npmjs.org/registry-url/-/registry-url-5.1.0.tgz"
    "version" "5.1.0"
    dependencies:
      "rc" "^1.2.8"
  
  "require-directory@^2.1.1":
    "integrity" "sha1-jGStX9MNqxyXbiNE/+f3kqam30I="
    "resolved" "https://registry.npmjs.org/require-directory/-/require-directory-2.1.1.tgz"
    "version" "2.1.1"
  
  "resolve@^1.10.0":
    "integrity" "sha512-wENBPt4ySzg4ybFQW2TT1zMQucPK95HSh/nq2CFTZVOGut2+pQvSsgtda4d26YrYcr067wjbmzOG8byDPBX63A=="
    "resolved" "https://registry.npmjs.org/resolve/-/resolve-1.20.0.tgz"
    "version" "1.20.0"
    dependencies:
      "is-core-module" "^2.2.0"
      "path-parse" "^1.0.6"
  
  "responselike@^1.0.2":
    "integrity" "sha1-kYcg7ztjHFZCvgaPFa3lpG9Loec="
    "resolved" "https://registry.npmjs.org/responselike/-/responselike-1.0.2.tgz"
    "version" "1.0.2"
    dependencies:
      "lowercase-keys" "^1.0.0"
  
  "rxjs@^6.6.3":
    "integrity" "sha512-hTdwr+7yYNIT5n4AMYp85KA6yw2Va0FLa3Rguvbpa4W3I5xynaBZo41cM3XM+4Q6fRMj3sBYIR1VAmZMXYJvRQ=="
    "resolved" "https://registry.npmjs.org/rxjs/-/rxjs-6.6.7.tgz"
    "version" "6.6.7"
    dependencies:
      "tslib" "^1.9.0"
  
  "semver-diff@^3.1.1":
    "integrity" "sha512-GX0Ix/CJcHyB8c4ykpHGIAvLyOwOobtM/8d+TQkAd81/bEjgPHrfba41Vpesr7jX/t8Uh+R3EX9eAS5be+jQYg=="
    "resolved" "https://registry.npmjs.org/semver-diff/-/semver-diff-3.1.1.tgz"
    "version" "3.1.1"
    dependencies:
      "semver" "^6.3.0"
  
  "semver@^5.7.1", "semver@2 || 3 || 4 || 5":
    "integrity" "sha512-sauaDf/PZdVgrLTNYHRtpXa1iRiKcaebiKQ1BJdpQlWH2lCvexQdX55snPFyK7QzpudqbCI0qXFfOasHdyNDGQ=="
    "resolved" "https://registry.npmjs.org/semver/-/semver-5.7.1.tgz"
    "version" "5.7.1"
  
  "semver@^6.0.0":
    "integrity" "sha512-b39TBaTSfV6yBrapU89p5fKekE2m/NwnDocOVruQFS1/veMgdzuPcnOM34M6CwxW8jH/lxEa5rBoDeUwu5HHTw=="
    "resolved" "https://registry.npmjs.org/semver/-/semver-6.3.0.tgz"
    "version" "6.3.0"
  
  "semver@^6.2.0":
    "integrity" "sha512-b39TBaTSfV6yBrapU89p5fKekE2m/NwnDocOVruQFS1/veMgdzuPcnOM34M6CwxW8jH/lxEa5rBoDeUwu5HHTw=="
    "resolved" "https://registry.npmjs.org/semver/-/semver-6.3.0.tgz"
    "version" "6.3.0"
  
  "semver@^6.3.0":
    "integrity" "sha512-b39TBaTSfV6yBrapU89p5fKekE2m/NwnDocOVruQFS1/veMgdzuPcnOM34M6CwxW8jH/lxEa5rBoDeUwu5HHTw=="
    "resolved" "https://registry.npmjs.org/semver/-/semver-6.3.0.tgz"
    "version" "6.3.0"
  
  "signal-exit@^3.0.2":
    "integrity" "sha512-VUJ49FC8U1OxwZLxIbTTrDvLnf/6TDgxZcK8wxR8zs13xpx7xbG60ndBlhNrFi2EMuFRoeDoJO7wthSLq42EjA=="
    "resolved" "https://registry.npmjs.org/signal-exit/-/signal-exit-3.0.3.tgz"
    "version" "3.0.3"
  
  "source-map-support@^0.5.17":
    "integrity" "sha512-Wonm7zOCIJzBGQdB+thsPar0kYuCIzYvxZwlBa87yi/Mdjv7Tip2cyVbLj5o0cFPN4EVkuTwb3GDDyUx2DGnGw=="
    "resolved" "https://registry.npmjs.org/source-map-support/-/source-map-support-0.5.19.tgz"
    "version" "0.5.19"
    dependencies:
      "buffer-from" "^1.0.0"
      "source-map" "^0.6.0"
  
  "source-map@^0.6.0":
    "integrity" "sha512-UjgapumWlbMhkBgzT7Ykc5YXUT46F0iKu8SGXq0bcwP5dz/h0Plj6enJqjz1Zbq2l5WaqYnrVbwWOWMyF3F47g=="
    "resolved" "https://registry.npmjs.org/source-map/-/source-map-0.6.1.tgz"
    "version" "0.6.1"
  
  "spawn-command@^0.0.2-1":
    "integrity" "sha1-YvXpRmmBwbeW3Fkpk34RycaSG9A="
    "resolved" "https://registry.npmjs.org/spawn-command/-/spawn-command-0.0.2-1.tgz"
    "version" "0.0.2-1"
  
  "spdx-correct@^3.0.0":
    "integrity" "sha512-cOYcUWwhCuHCXi49RhFRCyJEK3iPj1Ziz9DpViV3tbZOwXD49QzIN3MpOLJNxh2qwq2lJJZaKMVw9qNi4jTC0w=="
    "resolved" "https://registry.npmjs.org/spdx-correct/-/spdx-correct-3.1.1.tgz"
    "version" "3.1.1"
    dependencies:
      "spdx-expression-parse" "^3.0.0"
      "spdx-license-ids" "^3.0.0"
  
  "spdx-exceptions@^2.1.0":
    "integrity" "sha512-/tTrYOC7PPI1nUAgx34hUpqXuyJG+DTHJTnIULG4rDygi4xu/tfgmq1e1cIRwRzwZgo4NLySi+ricLkZkw4i5A=="
    "resolved" "https://registry.npmjs.org/spdx-exceptions/-/spdx-exceptions-2.3.0.tgz"
    "version" "2.3.0"
  
  "spdx-expression-parse@^3.0.0":
    "integrity" "sha512-cbqHunsQWnJNE6KhVSMsMeH5H/L9EpymbzqTQ3uLwNCLZ1Q481oWaofqH7nO6V07xlXwY6PhQdQ2IedWx/ZK4Q=="
    "resolved" "https://registry.npmjs.org/spdx-expression-parse/-/spdx-expression-parse-3.0.1.tgz"
    "version" "3.0.1"
    dependencies:
      "spdx-exceptions" "^2.1.0"
      "spdx-license-ids" "^3.0.0"
  
  "spdx-license-ids@^3.0.0":
    "integrity" "sha512-Ki212dKK4ogX+xDo4CtOZBVIwhsKBEfsEEcwmJfLQzirgc2jIWdzg40Unxz/HzEUqM1WFzVlQSMF9kZZ2HboLQ=="
    "resolved" "https://registry.npmjs.org/spdx-license-ids/-/spdx-license-ids-3.0.9.tgz"
    "version" "3.0.9"
  
  "string-width@^3.0.0":
    "integrity" "sha512-vafcv6KjVZKSgz06oM/H6GDBrAtz8vdhQakGjFIvNrHA6y3HCF1CInLy+QLq8dTJPQ1b+KDUqDFctkdRW44e1w=="
    "resolved" "https://registry.npmjs.org/string-width/-/string-width-3.1.0.tgz"
    "version" "3.1.0"
    dependencies:
      "emoji-regex" "^7.0.1"
      "is-fullwidth-code-point" "^2.0.0"
      "strip-ansi" "^5.1.0"
  
  "string-width@^4.0.0", "string-width@^4.1.0", "string-width@^4.2.0":
    "integrity" "sha512-XBJbT3N4JhVumXE0eoLU9DCjcaF92KLNqTmFCnG1pf8duUxFGwtP6AD6nkjw9a3IdiRtL3E2w3JDiE/xi3vOeA=="
    "resolved" "https://registry.npmjs.org/string-width/-/string-width-4.2.2.tgz"
    "version" "4.2.2"
    dependencies:
      "emoji-regex" "^8.0.0"
      "is-fullwidth-code-point" "^3.0.0"
      "strip-ansi" "^6.0.0"
  
  "strip-ansi@^5.1.0":
    "integrity" "sha512-DuRs1gKbBqsMKIZlrffwlug8MHkcnpjs5VPmL1PAh+mA30U0DTotfDZ0d2UUsXpPmPmMMJ6W773MaA3J+lbiWA=="
    "resolved" "https://registry.npmjs.org/strip-ansi/-/strip-ansi-5.2.0.tgz"
    "version" "5.2.0"
    dependencies:
      "ansi-regex" "^4.1.0"
  
  "strip-ansi@^6.0.0":
    "integrity" "sha512-AuvKTrTfQNYNIctbR1K/YGTR1756GycPsg7b9bdV9Duqur4gv6aKqHXah67Z8ImS7WEz5QVcOtlfW2rZEugt6w=="
    "resolved" "https://registry.npmjs.org/strip-ansi/-/strip-ansi-6.0.0.tgz"
    "version" "6.0.0"
    dependencies:
      "ansi-regex" "^5.0.0"
  
  "strip-json-comments@~2.0.1":
    "integrity" "sha1-PFMZQukIwml8DsNEhYwobHygpgo="
    "resolved" "https://registry.npmjs.org/strip-json-comments/-/strip-json-comments-2.0.1.tgz"
    "version" "2.0.1"
  
  "supports-color@^5.3.0":
    "integrity" "sha512-QjVjwdXIt408MIiAqCX4oUKsgU2EqAGzs2Ppkm4aQYbjm+ZEWEcW4SfFNTr4uMNZma0ey4f5lgLrkB0aX0QMow=="
    "resolved" "https://registry.npmjs.org/supports-color/-/supports-color-5.5.0.tgz"
    "version" "5.5.0"
    dependencies:
      "has-flag" "^3.0.0"
  
  "supports-color@^5.5.0":
    "integrity" "sha512-QjVjwdXIt408MIiAqCX4oUKsgU2EqAGzs2Ppkm4aQYbjm+ZEWEcW4SfFNTr4uMNZma0ey4f5lgLrkB0aX0QMow=="
    "resolved" "https://registry.npmjs.org/supports-color/-/supports-color-5.5.0.tgz"
    "version" "5.5.0"
    dependencies:
      "has-flag" "^3.0.0"
  
  "supports-color@^7.1.0":
    "integrity" "sha512-qpCAvRl9stuOHveKsn7HncJRvv501qIacKzQlO/+Lwxc9+0q2wLyv4Dfvt80/DPn2pqOBsJdDiogXGR9+OvwRw=="
    "resolved" "https://registry.npmjs.org/supports-color/-/supports-color-7.2.0.tgz"
    "version" "7.2.0"
    dependencies:
      "has-flag" "^4.0.0"
  
  "supports-color@^8.1.0":
    "integrity" "sha512-MpUEN2OodtUzxvKQl72cUF7RQ5EiHsGvSsVG0ia9c5RbWGL2CI4C7EpPS8UTBIplnlzZiNuV56w+FuNxy3ty2Q=="
    "resolved" "https://registry.npmjs.org/supports-color/-/supports-color-8.1.1.tgz"
    "version" "8.1.1"
    dependencies:
      "has-flag" "^4.0.0"
  
  "term-size@^2.1.0":
    "integrity" "sha512-wK0Ri4fOGjv/XPy8SBHZChl8CM7uMc5VML7SqiQ0zG7+J5Vr+RMQDoHa2CNT6KHUnTGIXH34UDMkPzAUyapBZg=="
    "resolved" "https://registry.npmjs.org/term-size/-/term-size-2.2.1.tgz"
    "version" "2.2.1"
  
  "to-readable-stream@^1.0.0":
    "integrity" "sha512-Iq25XBt6zD5npPhlLVXGFN3/gyR2/qODcKNNyTMd4vbm39HUaOiAM4PMq0eMVC/Tkxz+Zjdsc55g9yyz+Yq00Q=="
    "resolved" "https://registry.npmjs.org/to-readable-stream/-/to-readable-stream-1.0.0.tgz"
    "version" "1.0.0"
  
  "to-regex-range@^5.0.1":
    "integrity" "sha512-65P7iz6X5yEr1cwcgvQxbbIw7Uk3gOy5dIdtZ4rDveLqhrdJP+Li/Hx6tyK0NEb+2GCyneCMJiGqrADCSNk8sQ=="
    "resolved" "https://registry.npmjs.org/to-regex-range/-/to-regex-range-5.0.1.tgz"
    "version" "5.0.1"
    dependencies:
      "is-number" "^7.0.0"
  
  "touch@^3.1.0":
    "integrity" "sha512-WBx8Uy5TLtOSRtIq+M03/sKDrXCLHxwDcquSP2c43Le03/9serjQBIztjRz6FkJez9D/hleyAXTBGLwwZUw9lA=="
    "resolved" "https://registry.npmjs.org/touch/-/touch-3.1.0.tgz"
    "version" "3.1.0"
    dependencies:
      "nopt" "~1.0.10"
  
  "tree-kill@^1.2.2":
    "integrity" "sha512-L0Orpi8qGpRG//Nd+H90vFB+3iHnue1zSSGmNOOCh1GLJ7rUKVwV2HvijphGQS2UmhUZewS9VgvxYIdgr+fG1A=="
    "resolved" "https://registry.npmjs.org/tree-kill/-/tree-kill-1.2.2.tgz"
    "version" "1.2.2"
  
  "ts-node@^10.0.0":
    "integrity" "sha512-ROWeOIUvfFbPZkoDis0L/55Fk+6gFQNZwwKPLinacRl6tsxstTF1DbAcLKkovwnpKMVvOMHP1TIbnwXwtLg1gg=="
    "resolved" "https://registry.npmjs.org/ts-node/-/ts-node-10.0.0.tgz"
    "version" "10.0.0"
    dependencies:
      "@tsconfig/node10" "^1.0.7"
      "@tsconfig/node12" "^1.0.7"
      "@tsconfig/node14" "^1.0.0"
      "@tsconfig/node16" "^1.0.1"
      "arg" "^4.1.0"
      "create-require" "^1.1.0"
      "diff" "^4.0.1"
      "make-error" "^1.1.1"
      "source-map-support" "^0.5.17"
      "yn" "3.1.1"
  
  "tslib@^1.9.0":
    "integrity" "sha512-Xni35NKzjgMrwevysHTCArtLDpPvye8zV/0E4EyYn43P7/7qvQwPh9BGkHewbMulVntbigmcT7rdX3BNo9wRJg=="
    "resolved" "https://registry.npmjs.org/tslib/-/tslib-1.14.1.tgz"
    "version" "1.14.1"
  
  "tslib@^2.3.0":
    "integrity" "sha512-N82ooyxVNm6h1riLCoyS9e3fuJ3AMG2zIZs2Gd1ATcSFjSA23Q0fzjjZeh0jbJvWVDZ0cJT8yaNNaaXHzueNjg=="
    "resolved" "https://registry.npmjs.org/tslib/-/tslib-2.3.0.tgz"
    "version" "2.3.0"
  
  "type-fest@^0.6.0":
    "integrity" "sha512-q+MB8nYR1KDLrgr4G5yemftpMC7/QLqVndBmEEdqzmNj5dcFOO4Oo8qlwZE3ULT3+Zim1F8Kq4cBnikNhlCMlg=="
    "resolved" "https://registry.npmjs.org/type-fest/-/type-fest-0.6.0.tgz"
    "version" "0.6.0"
  
  "type-fest@^0.8.1":
    "integrity" "sha512-4dbzIzqvjtgiM5rw1k5rEHtBANKmdudhGyBEajN01fEyhaAIhsoKNy6y7+IN93IfpFtwY9iqi7kD+xwKhQsNJA=="
    "resolved" "https://registry.npmjs.org/type-fest/-/type-fest-0.8.1.tgz"
    "version" "0.8.1"
  
  "typedarray-to-buffer@^3.1.5":
    "integrity" "sha512-zdu8XMNEDepKKR+XYOXAVPtWui0ly0NtohUscw+UmaHiAWT8hrV1rr//H6V+0DvJ3OQ19S979M0laLfX8rm82Q=="
    "resolved" "https://registry.npmjs.org/typedarray-to-buffer/-/typedarray-to-buffer-3.1.5.tgz"
    "version" "3.1.5"
    dependencies:
      "is-typedarray" "^1.0.0"
  
  "typescript@^4.3.4":
    "integrity" "sha512-uauPG7XZn9F/mo+7MrsRjyvbxFpzemRjKEZXS4AK83oP2KKOJPvb+9cO/gmnv8arWZvhnjVOXz7B49m1l0e9Ew=="
    "resolved" "https://registry.npmjs.org/typescript/-/typescript-4.3.4.tgz"
    "version" "4.3.4"
  
  "undefsafe@^2.0.3":
    "integrity" "sha512-nrXZwwXrD/T/JXeygJqdCO6NZZ1L66HrxM/Z7mIq2oPanoN0F1nLx3lwJMu6AwJY69hdixaFQOuoYsMjE5/C2A=="
    "resolved" "https://registry.npmjs.org/undefsafe/-/undefsafe-2.0.3.tgz"
    "version" "2.0.3"
    dependencies:
      "debug" "^2.2.0"
  
  "unique-string@^2.0.0":
    "integrity" "sha512-uNaeirEPvpZWSgzwsPGtU2zVSTrn/8L5q/IexZmH0eH6SA73CmAA5U4GwORTxQAZs95TAXLNqeLoPPNO5gZfWg=="
    "resolved" "https://registry.npmjs.org/unique-string/-/unique-string-2.0.0.tgz"
    "version" "2.0.0"
    dependencies:
      "crypto-random-string" "^2.0.0"
  
  "update-notifier@^4.1.0":
    "integrity" "sha512-Yld6Z0RyCYGB6ckIjffGOSOmHXj1gMeE7aROz4MG+XMkmixBX4jUngrGXNYz7wPKBmtoD4MnBa2Anu7RSKht/A=="
    "resolved" "https://registry.npmjs.org/update-notifier/-/update-notifier-4.1.3.tgz"
    "version" "4.1.3"
    dependencies:
      "boxen" "^4.2.0"
      "chalk" "^3.0.0"
      "configstore" "^5.0.1"
      "has-yarn" "^2.1.0"
      "import-lazy" "^2.1.0"
      "is-ci" "^2.0.0"
      "is-installed-globally" "^0.3.1"
      "is-npm" "^4.0.0"
      "is-yarn-global" "^0.3.0"
      "latest-version" "^5.0.0"
      "pupa" "^2.0.1"
      "semver-diff" "^3.1.1"
      "xdg-basedir" "^4.0.0"
  
  "url-parse-lax@^3.0.0":
    "integrity" "sha1-FrXK/Afb42dsGxmZF3gj1lA6yww="
    "resolved" "https://registry.npmjs.org/url-parse-lax/-/url-parse-lax-3.0.0.tgz"
    "version" "3.0.0"
    dependencies:
      "prepend-http" "^2.0.0"
  
  "validate-npm-package-license@^3.0.1":
    "integrity" "sha512-DpKm2Ui/xN7/HQKCtpZxoRWBhZ9Z0kqtygG8XCgNQ8ZlDnxuQmWhj566j8fN4Cu3/JmbhsDo7fcAJq4s9h27Ew=="
    "resolved" "https://registry.npmjs.org/validate-npm-package-license/-/validate-npm-package-license-3.0.4.tgz"
    "version" "3.0.4"
    dependencies:
      "spdx-correct" "^3.0.0"
      "spdx-expression-parse" "^3.0.0"
  
  "widest-line@^3.1.0":
    "integrity" "sha512-NsmoXalsWVDMGupxZ5R08ka9flZjjiLvHVAWYOKtiKM8ujtZWr9cRffak+uSE48+Ob8ObalXpwyeUiyDD6QFgg=="
    "resolved" "https://registry.npmjs.org/widest-line/-/widest-line-3.1.0.tgz"
    "version" "3.1.0"
    dependencies:
      "string-width" "^4.0.0"
  
  "wrap-ansi@^7.0.0":
    "integrity" "sha512-YVGIj2kamLSTxw6NsZjoBxfSwsn0ycdesmc4p+Q21c5zPuZ1pl+NfxVdxPtdHvmNVOQ6XSYG4AUtyt/Fi7D16Q=="
    "resolved" "https://registry.npmjs.org/wrap-ansi/-/wrap-ansi-7.0.0.tgz"
    "version" "7.0.0"
    dependencies:
      "ansi-styles" "^4.0.0"
      "string-width" "^4.1.0"
      "strip-ansi" "^6.0.0"
  
  "wrappy@1":
    "integrity" "sha1-tSQ9jz7BqjXxNkYFvA0QNuMKtp8="
    "resolved" "https://registry.npmjs.org/wrappy/-/wrappy-1.0.2.tgz"
    "version" "1.0.2"
  
  "write-file-atomic@^3.0.0":
    "integrity" "sha512-AvHcyZ5JnSfq3ioSyjrBkH9yW4m7Ayk8/9My/DD9onKeu/94fwrMocemO2QAJFAlnnDN+ZDS+ZjAR5ua1/PV/Q=="
    "resolved" "https://registry.npmjs.org/write-file-atomic/-/write-file-atomic-3.0.3.tgz"
    "version" "3.0.3"
    dependencies:
      "imurmurhash" "^0.1.4"
      "is-typedarray" "^1.0.0"
      "signal-exit" "^3.0.2"
      "typedarray-to-buffer" "^3.1.5"
  
  "xdg-basedir@^4.0.0":
    "integrity" "sha512-PSNhEJDejZYV7h50BohL09Er9VaIefr2LMAf3OEmpCkjOi34eYyQYAXUTjEQtZJTKcF0E2UKTh+osDLsgNim9Q=="
    "resolved" "https://registry.npmjs.org/xdg-basedir/-/xdg-basedir-4.0.0.tgz"
    "version" "4.0.0"
  
  "y18n@^5.0.5":
    "integrity" "sha512-0pfFzegeDWJHJIAmTLRP2DwHjdF5s7jo9tuztdQxAhINCdvS+3nGINqPd00AphqJR/0LhANUS6/+7SCb98YOfA=="
    "resolved" "https://registry.npmjs.org/y18n/-/y18n-5.0.8.tgz"
    "version" "5.0.8"
  
  "yargs-parser@^20.2.2":
    "integrity" "sha512-y11nGElTIV+CT3Zv9t7VKl+Q3hTQoT9a1Qzezhhl6Rp21gJ/IVTW7Z3y9EWXhuUBC2Shnf+DX0antecpAwSP8w=="
    "resolved" "https://registry.npmjs.org/yargs-parser/-/yargs-parser-20.2.9.tgz"
    "version" "20.2.9"
  
  "yargs@^16.2.0":
    "integrity" "sha512-D1mvvtDG0L5ft/jGWkLpG1+m0eQxOfaBvTNELraWj22wSVUMWxZUvYgJYcKh6jGGIkJFhH4IZPQhR4TKpc8mBw=="
    "resolved" "https://registry.npmjs.org/yargs/-/yargs-16.2.0.tgz"
    "version" "16.2.0"
    dependencies:
      "cliui" "^7.0.2"
      "escalade" "^3.1.1"
      "get-caller-file" "^2.0.5"
      "require-directory" "^2.1.1"
      "string-width" "^4.2.0"
      "y18n" "^5.0.5"
      "yargs-parser" "^20.2.2"
  
  "yn@3.1.1":
    "integrity" "sha512-Ux4ygGWsu2c7isFWe8Yu1YluJmqVhxqK2cLXNQA5AcC3QfbGNpM7fu0Y8b/z16pXLnFxZYvWhd3fhBY9DLmC6Q=="
    "resolved" "https://registry.npmjs.org/yn/-/yn-3.1.1.tgz"
    "version" "3.1.1"
